21-04-01 17:03 Shepeleva
21-04-01 17:03 KoncheZaspa
21-04-01 17:03 Dmitrovichi
21-04-01 17:03 Hlepcha
21-04-01 17:03 Osokorky
21-04-01 17:03 Blockchain Hub Kyiv
21-04-01 17:04 KoncheZaspa
21-04-01 17:04 Dmitrovichi
21-04-01 17:04 Hlepcha
21-04-01 17:04 Shepeleva
21-04-01 17:04 Blockchain Hub Kyiv
21-04-01 17:04 Osokorky
21-04-01 17:06 KoncheZaspa
21-04-01 17:06 Shepeleva
21-04-01 17:06 Blockchain Hub Kyiv
21-04-01 17:06 Dmitrovichi
21-04-01 17:06 Osokorky
21-04-01 17:06 Hlepcha
21-04-01 17:07 Unsupported scheme: 'httpsk'
21-04-01 17:07 Unsupported scheme: 'httpsk'
21-04-01 17:07 Unsupported scheme: 'httpsk'
21-04-01 17:07 Unsupported scheme: 'httpsk'
21-04-01 17:07 Unsupported scheme: 'httpsk'
21-04-01 17:07 Unsupported scheme: 'httpsk'
21-04-01 17:09 Osokorky
21-04-01 17:09 Hlepcha
21-04-01 17:09 Blockchain Hub Kyiv
21-04-01 17:09 KoncheZaspa
21-04-01 17:09 Shepeleva
21-04-01 17:09 Dmitrovichi
21-04-02 11:42 Dmitrovichi
21-04-02 11:42 Osokorky
21-04-02 11:42 Blockchain Hub Kyiv
21-04-02 11:42 Shepeleva
21-04-02 11:42 KoncheZaspa
21-04-02 11:42 Hlepcha
21-04-02 11:43 Shepeleva
21-04-02 11:43 KoncheZaspa
21-04-02 11:43 Dmitrovichi
21-04-02 11:43 Osokorky
21-04-02 11:43 Hlepcha
21-04-02 11:43 Blockchain Hub Kyiv
21-04-02 12:12 Blockchain Hub Kyiv
21-04-02 12:12 Dmitrovichi
21-04-02 12:12 KoncheZaspa
21-04-02 12:12 Shepeleva
21-04-02 12:12 Hlepcha
21-04-02 12:12 Osokorky
21-04-02 12:13 Shepeleva
21-04-02 12:13 Blockchain Hub Kyiv
21-04-02 12:13 Osokorky
21-04-02 12:13 KoncheZaspa
21-04-02 12:13 Dmitrovichi
21-04-02 12:13 Hlepcha
21-04-02 12:13 Dmitrovichi
21-04-02 12:13 KoncheZaspa
21-04-02 12:13 Blockchain Hub Kyiv
21-04-02 12:13 Shepeleva
21-04-02 12:13 Osokorky
21-04-02 12:13 Hlepcha
21-04-02 12:13 Blockchain Hub Kyiv
21-04-02 12:13 Dmitrovichi
21-04-02 12:13 KoncheZaspa
21-04-02 12:13 Osokorky
21-04-02 12:13 Hlepcha
21-04-02 12:13 Shepeleva
21-04-02 12:14 Hlepcha
21-04-02 12:14 Osokorky
21-04-02 12:14 Dmitrovichi
21-04-02 12:14 Shepeleva
21-04-02 12:14 Blockchain Hub Kyiv
21-04-02 12:14 KoncheZaspa
21-04-02 12:14 Shepeleva
21-04-02 12:14 Blockchain Hub Kyiv
21-04-02 12:14 Osokorky
21-04-02 12:14 Hlepcha
21-04-02 12:14 Dmitrovichi
21-04-02 12:14 KoncheZaspa
